0 info it worked if it ends with ok
1 verbose cli [ 'C:\\Program Files\\nodejs\\\\node.exe',
1 verbose cli   'C:\\Program Files\\nodejs\\node_modules\\npm\\bin\\npm-cli.js',
1 verbose cli   'install' ]
2 info using npm@1.4.9
3 info using node@v0.10.28
4 verbose node symlink C:\Program Files\nodejs\\node.exe
5 verbose readDependencies using package.json deps
6 verbose install where, deps [ 'C:\\wamp\\www\\amd\\app\\webroot\\angular',
6 verbose install   [ 'karma',
6 verbose install     'protractor',
6 verbose install     'http-server',
6 verbose install     'bower',
6 verbose install     'karma-junit-reporter',
6 verbose install     'karma-jasmine-html-reporter',
6 verbose install     'phantomjs',
6 verbose install     'karma-phantomjs-launcher' ] ]
7 info preinstall angular-seed@0.0.0
8 verbose readDependencies using package.json deps
9 verbose cache add [ 'karma@~0.20', null ]
10 verbose cache add name=undefined spec="karma@~0.20" args=["karma@~0.20",null]
11 verbose parsed url { protocol: null,
11 verbose parsed url   slashes: null,
11 verbose parsed url   auth: null,
11 verbose parsed url   host: null,
11 verbose parsed url   port: null,
11 verbose parsed url   hostname: null,
11 verbose parsed url   hash: null,
11 verbose parsed url   search: null,
11 verbose parsed url   query: null,
11 verbose parsed url   pathname: 'karma@~0.20',
11 verbose parsed url   path: 'karma@~0.20',
11 verbose parsed url   href: 'karma@~0.20' }
12 verbose cache add name="karma" spec="~0.20" args=["karma","~0.20"]
13 verbose parsed url { protocol: null,
13 verbose parsed url   slashes: null,
13 verbose parsed url   auth: null,
13 verbose parsed url   host: null,
13 verbose parsed url   port: null,
13 verbose parsed url   hostname: null,
13 verbose parsed url   hash: null,
13 verbose parsed url   search: null,
13 verbose parsed url   query: null,
13 verbose parsed url   pathname: '~0.20',
13 verbose parsed url   path: '~0.20',
13 verbose parsed url   href: '~0.20' }
14 verbose addNamed [ 'karma', '~0.20' ]
15 verbose addNamed [ null, '>=0.20.0-0 <0.21.0-0' ]
16 verbose cache add [ 'protractor@~0.20.1', null ]
17 verbose cache add name=undefined spec="protractor@~0.20.1" args=["protractor@~0.20.1",null]
18 verbose parsed url { protocol: null,
18 verbose parsed url   slashes: null,
18 verbose parsed url   auth: null,
18 verbose parsed url   host: null,
18 verbose parsed url   port: null,
18 verbose parsed url   hostname: null,
18 verbose parsed url   hash: null,
18 verbose parsed url   search: null,
18 verbose parsed url   query: null,
18 verbose parsed url   pathname: 'protractor@~0.20.1',
18 verbose parsed url   path: 'protractor@~0.20.1',
18 verbose parsed url   href: 'protractor@~0.20.1' }
19 verbose cache add name="protractor" spec="~0.20.1" args=["protractor","~0.20.1"]
20 verbose parsed url { protocol: null,
20 verbose parsed url   slashes: null,
20 verbose parsed url   auth: null,
20 verbose parsed url   host: null,
20 verbose parsed url   port: null,
20 verbose parsed url   hostname: null,
20 verbose parsed url   hash: null,
20 verbose parsed url   search: null,
20 verbose parsed url   query: null,
20 verbose parsed url   pathname: '~0.20.1',
20 verbose parsed url   path: '~0.20.1',
20 verbose parsed url   href: '~0.20.1' }
21 verbose addNamed [ 'protractor', '~0.20.1' ]
22 verbose addNamed [ null, '>=0.20.1-0 <0.21.0-0' ]
23 verbose cache add [ 'http-server@^0.6.1', null ]
24 verbose cache add name=undefined spec="http-server@^0.6.1" args=["http-server@^0.6.1",null]
25 verbose parsed url { protocol: null,
25 verbose parsed url   slashes: null,
25 verbose parsed url   auth: null,
25 verbose parsed url   host: null,
25 verbose parsed url   port: null,
25 verbose parsed url   hostname: null,
25 verbose parsed url   hash: null,
25 verbose parsed url   search: null,
25 verbose parsed url   query: null,
25 verbose parsed url   pathname: 'http-server@^0.6.1',
25 verbose parsed url   path: 'http-server@^0.6.1',
25 verbose parsed url   href: 'http-server@^0.6.1' }
26 verbose cache add name="http-server" spec="^0.6.1" args=["http-server","^0.6.1"]
27 verbose parsed url { protocol: null,
27 verbose parsed url   slashes: null,
27 verbose parsed url   auth: null,
27 verbose parsed url   host: null,
27 verbose parsed url   port: null,
27 verbose parsed url   hostname: null,
27 verbose parsed url   hash: null,
27 verbose parsed url   search: null,
27 verbose parsed url   query: null,
27 verbose parsed url   pathname: '^0.6.1',
27 verbose parsed url   path: '^0.6.1',
27 verbose parsed url   href: '^0.6.1' }
28 verbose addNamed [ 'http-server', '^0.6.1' ]
29 verbose addNamed [ null, '>=0.6.1-0 <0.7.0-0' ]
30 verbose cache add [ 'bower@^1.3', null ]
31 verbose cache add name=undefined spec="bower@^1.3" args=["bower@^1.3",null]
32 verbose parsed url { protocol: null,
32 verbose parsed url   slashes: null,
32 verbose parsed url   auth: null,
32 verbose parsed url   host: null,
32 verbose parsed url   port: null,
32 verbose parsed url   hostname: null,
32 verbose parsed url   hash: null,
32 verbose parsed url   search: null,
32 verbose parsed url   query: null,
32 verbose parsed url   pathname: 'bower@^1.3',
32 verbose parsed url   path: 'bower@^1.3',
32 verbose parsed url   href: 'bower@^1.3' }
33 verbose cache add name="bower" spec="^1.3" args=["bower","^1.3"]
34 verbose parsed url { protocol: null,
34 verbose parsed url   slashes: null,
34 verbose parsed url   auth: null,
34 verbose parsed url   host: null,
34 verbose parsed url   port: null,
34 verbose parsed url   hostname: null,
34 verbose parsed url   hash: null,
34 verbose parsed url   search: null,
34 verbose parsed url   query: null,
34 verbose parsed url   pathname: '^1.3',
34 verbose parsed url   path: '^1.3',
34 verbose parsed url   href: '^1.3' }
35 verbose addNamed [ 'bower', '^1.3' ]
36 verbose addNamed [ null, '>=1.3.0-0 <2.0.0-0' ]
37 verbose cache add [ 'karma-junit-reporter@latest', null ]
38 verbose cache add name=undefined spec="karma-junit-reporter@latest" args=["karma-junit-reporter@latest",null]
39 verbose parsed url { protocol: null,
39 verbose parsed url   slashes: null,
39 verbose parsed url   auth: null,
39 verbose parsed url   host: null,
39 verbose parsed url   port: null,
39 verbose parsed url   hostname: null,
39 verbose parsed url   hash: null,
39 verbose parsed url   search: null,
39 verbose parsed url   query: null,
39 verbose parsed url   pathname: 'karma-junit-reporter@latest',
39 verbose parsed url   path: 'karma-junit-reporter@latest',
39 verbose parsed url   href: 'karma-junit-reporter@latest' }
40 verbose cache add name="karma-junit-reporter" spec="latest" args=["karma-junit-reporter","latest"]
41 verbose parsed url { protocol: null,
41 verbose parsed url   slashes: null,
41 verbose parsed url   auth: null,
41 verbose parsed url   host: null,
41 verbose parsed url   port: null,
41 verbose parsed url   hostname: null,
41 verbose parsed url   hash: null,
41 verbose parsed url   search: null,
41 verbose parsed url   query: null,
41 verbose parsed url   pathname: 'latest',
41 verbose parsed url   path: 'latest',
41 verbose parsed url   href: 'latest' }
42 verbose addNamed [ 'karma-junit-reporter', 'latest' ]
43 verbose addNamed [ null, null ]
44 verbose cache add [ 'karma-jasmine-html-reporter@latest', null ]
45 verbose cache add name=undefined spec="karma-jasmine-html-reporter@latest" args=["karma-jasmine-html-reporter@latest",null]
46 verbose parsed url { protocol: null,
46 verbose parsed url   slashes: null,
46 verbose parsed url   auth: null,
46 verbose parsed url   host: null,
46 verbose parsed url   port: null,
46 verbose parsed url   hostname: null,
46 verbose parsed url   hash: null,
46 verbose parsed url   search: null,
46 verbose parsed url   query: null,
46 verbose parsed url   pathname: 'karma-jasmine-html-reporter@latest',
46 verbose parsed url   path: 'karma-jasmine-html-reporter@latest',
46 verbose parsed url   href: 'karma-jasmine-html-reporter@latest' }
47 verbose cache add name="karma-jasmine-html-reporter" spec="latest" args=["karma-jasmine-html-reporter","latest"]
48 verbose parsed url { protocol: null,
48 verbose parsed url   slashes: null,
48 verbose parsed url   auth: null,
48 verbose parsed url   host: null,
48 verbose parsed url   port: null,
48 verbose parsed url   hostname: null,
48 verbose parsed url   hash: null,
48 verbose parsed url   search: null,
48 verbose parsed url   query: null,
48 verbose parsed url   pathname: 'latest',
48 verbose parsed url   path: 'latest',
48 verbose parsed url   href: 'latest' }
49 verbose addNamed [ 'karma-jasmine-html-reporter', 'latest' ]
50 verbose addNamed [ null, null ]
51 verbose cache add [ 'phantomjs@latest', null ]
52 verbose cache add name=undefined spec="phantomjs@latest" args=["phantomjs@latest",null]
53 verbose parsed url { protocol: null,
53 verbose parsed url   slashes: null,
53 verbose parsed url   auth: null,
53 verbose parsed url   host: null,
53 verbose parsed url   port: null,
53 verbose parsed url   hostname: null,
53 verbose parsed url   hash: null,
53 verbose parsed url   search: null,
53 verbose parsed url   query: null,
53 verbose parsed url   pathname: 'phantomjs@latest',
53 verbose parsed url   path: 'phantomjs@latest',
53 verbose parsed url   href: 'phantomjs@latest' }
54 verbose cache add name="phantomjs" spec="latest" args=["phantomjs","latest"]
55 verbose parsed url { protocol: null,
55 verbose parsed url   slashes: null,
55 verbose parsed url   auth: null,
55 verbose parsed url   host: null,
55 verbose parsed url   port: null,
55 verbose parsed url   hostname: null,
55 verbose parsed url   hash: null,
55 verbose parsed url   search: null,
55 verbose parsed url   query: null,
55 verbose parsed url   pathname: 'latest',
55 verbose parsed url   path: 'latest',
55 verbose parsed url   href: 'latest' }
56 verbose addNamed [ 'phantomjs', 'latest' ]
57 verbose addNamed [ null, null ]
58 verbose cache add [ 'karma-phantomjs-launcher@latest', null ]
59 verbose cache add name=undefined spec="karma-phantomjs-launcher@latest" args=["karma-phantomjs-launcher@latest",null]
60 verbose parsed url { protocol: null,
60 verbose parsed url   slashes: null,
60 verbose parsed url   auth: null,
60 verbose parsed url   host: null,
60 verbose parsed url   port: null,
60 verbose parsed url   hostname: null,
60 verbose parsed url   hash: null,
60 verbose parsed url   search: null,
60 verbose parsed url   query: null,
60 verbose parsed url   pathname: 'karma-phantomjs-launcher@latest',
60 verbose parsed url   path: 'karma-phantomjs-launcher@latest',
60 verbose parsed url   href: 'karma-phantomjs-launcher@latest' }
61 verbose cache add name="karma-phantomjs-launcher" spec="latest" args=["karma-phantomjs-launcher","latest"]
62 verbose parsed url { protocol: null,
62 verbose parsed url   slashes: null,
62 verbose parsed url   auth: null,
62 verbose parsed url   host: null,
62 verbose parsed url   port: null,
62 verbose parsed url   hostname: null,
62 verbose parsed url   hash: null,
62 verbose parsed url   search: null,
62 verbose parsed url   query: null,
62 verbose parsed url   pathname: 'latest',
62 verbose parsed url   path: 'latest',
62 verbose parsed url   href: 'latest' }
63 verbose addNamed [ 'karma-phantomjs-launcher', 'latest' ]
64 verbose addNamed [ null, null ]
65 silly lockFile f3e5d4ca-karma-0-20 karma@~0.20
66 verbose lock karma@~0.20 C:\Users\jehon\AppData\Roaming\npm-cache\f3e5d4ca-karma-0-20.lock
67 silly lockFile 1727b913-protractor-0-20-1 protractor@~0.20.1
68 verbose lock protractor@~0.20.1 C:\Users\jehon\AppData\Roaming\npm-cache\1727b913-protractor-0-20-1.lock
69 silly lockFile e7eeaefd-http-server-0-6-1 http-server@^0.6.1
70 verbose lock http-server@^0.6.1 C:\Users\jehon\AppData\Roaming\npm-cache\e7eeaefd-http-server-0-6-1.lock
71 silly lockFile 268f410a-bower-1-3 bower@^1.3
72 verbose lock bower@^1.3 C:\Users\jehon\AppData\Roaming\npm-cache\268f410a-bower-1-3.lock
73 silly lockFile 30dd8555-karma-junit-reporter-latest karma-junit-reporter@latest
74 verbose lock karma-junit-reporter@latest C:\Users\jehon\AppData\Roaming\npm-cache\30dd8555-karma-junit-reporter-latest.lock
75 silly lockFile 854c807a-rma-jasmine-html-reporter-latest karma-jasmine-html-reporter@latest
76 verbose lock karma-jasmine-html-reporter@latest C:\Users\jehon\AppData\Roaming\npm-cache\854c807a-rma-jasmine-html-reporter-latest.lock
77 silly lockFile 420f9158-phantomjs-latest phantomjs@latest
78 verbose lock phantomjs@latest C:\Users\jehon\AppData\Roaming\npm-cache\420f9158-phantomjs-latest.lock
79 silly lockFile 42167f8a-karma-phantomjs-launcher-latest karma-phantomjs-launcher@latest
80 verbose lock karma-phantomjs-launcher@latest C:\Users\jehon\AppData\Roaming\npm-cache\42167f8a-karma-phantomjs-launcher-latest.lock
81 silly addNameRange { name: 'protractor',
81 silly addNameRange   range: '>=0.20.1-0 <0.21.0-0',
81 silly addNameRange   hasData: false }
82 silly addNameRange { name: 'karma', range: '>=0.20.0-0 <0.21.0-0', hasData: false }
83 silly addNameRange { name: 'http-server',
83 silly addNameRange   range: '>=0.6.1-0 <0.7.0-0',
83 silly addNameRange   hasData: false }
84 info addNameTag [ 'karma-junit-reporter', 'latest' ]
85 info addNameTag [ 'karma-jasmine-html-reporter', 'latest' ]
86 info addNameTag [ 'phantomjs', 'latest' ]
87 info addNameTag [ 'karma-phantomjs-launcher', 'latest' ]
88 silly addNameRange { name: 'bower', range: '>=1.3.0-0 <2.0.0-0', hasData: false }
89 verbose url raw protractor
90 verbose url resolving [ 'https://registry.npmjs.org/', './protractor' ]
91 verbose url resolved https://registry.npmjs.org/protractor
92 info trying registry request attempt 1 at 14:27:49
93 verbose etag "89MBHXEI04QIZ6E1TVCF5XKYN"
94 http GET https://registry.npmjs.org/protractor
95 verbose url raw http-server
96 verbose url resolving [ 'https://registry.npmjs.org/', './http-server' ]
97 verbose url resolved https://registry.npmjs.org/http-server
98 info trying registry request attempt 1 at 14:27:49
99 verbose etag "54RXOLAV6MGI7W2K7P113LU9N"
100 http GET https://registry.npmjs.org/http-server
101 verbose url raw karma-jasmine-html-reporter
102 verbose url resolving [ 'https://registry.npmjs.org/',
102 verbose url resolving   './karma-jasmine-html-reporter' ]
103 verbose url resolved https://registry.npmjs.org/karma-jasmine-html-reporter
104 info trying registry request attempt 1 at 14:27:49
105 verbose etag "ADQ5IJ1JSUFRKJUVGL35516P3"
106 http GET https://registry.npmjs.org/karma-jasmine-html-reporter
107 verbose url raw karma
108 verbose url resolving [ 'https://registry.npmjs.org/', './karma' ]
109 verbose url resolved https://registry.npmjs.org/karma
110 info trying registry request attempt 1 at 14:27:49
111 verbose etag "Y4UIL4FS0II5W8YTVF98UDUH"
112 http GET https://registry.npmjs.org/karma
113 verbose url raw phantomjs
114 verbose url resolving [ 'https://registry.npmjs.org/', './phantomjs' ]
115 verbose url resolved https://registry.npmjs.org/phantomjs
116 info trying registry request attempt 1 at 14:27:49
117 verbose etag "6GF121XC2A3MN63SINP21FGAT"
118 http GET https://registry.npmjs.org/phantomjs
119 verbose url raw karma-junit-reporter
120 verbose url resolving [ 'https://registry.npmjs.org/', './karma-junit-reporter' ]
121 verbose url resolved https://registry.npmjs.org/karma-junit-reporter
122 info trying registry request attempt 1 at 14:27:49
123 verbose etag "9EY5VDYOJN6XP5GJQB9O86CB"
124 http GET https://registry.npmjs.org/karma-junit-reporter
125 verbose url raw bower
126 verbose url resolving [ 'https://registry.npmjs.org/', './bower' ]
127 verbose url resolved https://registry.npmjs.org/bower
128 info trying registry request attempt 1 at 14:27:49
129 verbose etag "6N0SI2IWO062158BHLU1IS6Y7"
130 http GET https://registry.npmjs.org/bower
131 verbose url raw karma-phantomjs-launcher
132 verbose url resolving [ 'https://registry.npmjs.org/', './karma-phantomjs-launcher' ]
133 verbose url resolved https://registry.npmjs.org/karma-phantomjs-launcher
134 info trying registry request attempt 1 at 14:27:49
135 verbose etag "2QH2ZN7DR2HRP3PBOJILQPEMP"
136 http GET https://registry.npmjs.org/karma-phantomjs-launcher
137 http 304 https://registry.npmjs.org/phantomjs
138 silly registry.get cb [ 304,
138 silly registry.get   { date: 'Mon, 02 Jun 2014 12:27:50 GMT',
138 silly registry.get     server: 'Apache',
138 silly registry.get     via: '1.1 varnish',
138 silly registry.get     'last-modified': 'Mon, 02 Jun 2014 12:27:50 GMT',
138 silly registry.get     'cache-control': 'max-age=1',
138 silly registry.get     etag: '"6GF121XC2A3MN63SINP21FGAT"',
138 silly registry.get     'x-served-by': 'cache-ams4133-AMS',
138 silly registry.get     'x-cache': 'HIT',
138 silly registry.get     'x-cache-hits': '1',
138 silly registry.get     'x-timer': 'S1401712070.290192,VS0,VE0',
138 silly registry.get     vary: 'Accept',
138 silly registry.get     'content-length': '0',
138 silly registry.get     'keep-alive': 'timeout=10, max=50',
138 silly registry.get     connection: 'Keep-Alive' } ]
139 verbose etag phantomjs from cache
140 verbose addNamed [ 'phantomjs', '1.9.7-8' ]
141 verbose addNamed [ '1.9.7-8', '1.9.7-8' ]
142 silly lockFile a8d7d123-phantomjs-1-9-7-8 phantomjs@1.9.7-8
143 verbose lock phantomjs@1.9.7-8 C:\Users\jehon\AppData\Roaming\npm-cache\a8d7d123-phantomjs-1-9-7-8.lock
144 silly lockFile a8d7d123-phantomjs-1-9-7-8 phantomjs@1.9.7-8
145 silly lockFile a8d7d123-phantomjs-1-9-7-8 phantomjs@1.9.7-8
146 silly lockFile 420f9158-phantomjs-latest phantomjs@latest
147 silly lockFile 420f9158-phantomjs-latest phantomjs@latest
148 http 304 https://registry.npmjs.org/karma
149 silly registry.get cb [ 304,
149 silly registry.get   { date: 'Mon, 02 Jun 2014 12:27:50 GMT',
149 silly registry.get     server: 'Apache',
149 silly registry.get     via: '1.1 varnish',
149 silly registry.get     'last-modified': 'Mon, 02 Jun 2014 12:27:50 GMT',
149 silly registry.get     'cache-control': 'max-age=1',
149 silly registry.get     etag: '"Y4UIL4FS0II5W8YTVF98UDUH"',
149 silly registry.get     'x-served-by': 'cache-ams4127-AMS',
149 silly registry.get     'x-cache': 'HIT',
149 silly registry.get     'x-cache-hits': '1',
149 silly registry.get     'x-timer': 'S1401712070.282638,VS0,VE92',
149 silly registry.get     vary: 'Accept',
149 silly registry.get     'content-length': '0',
149 silly registry.get     'keep-alive': 'timeout=10, max=50',
149 silly registry.get     connection: 'Keep-Alive' } ]
150 verbose etag karma from cache
151 http 304 https://registry.npmjs.org/http-server
152 silly registry.get cb [ 304,
152 silly registry.get   { date: 'Mon, 02 Jun 2014 12:27:50 GMT',
152 silly registry.get     server: 'Apache',
152 silly registry.get     via: '1.1 varnish',
152 silly registry.get     'last-modified': 'Mon, 02 Jun 2014 12:27:50 GMT',
152 silly registry.get     'cache-control': 'max-age=1',
152 silly registry.get     etag: '"54RXOLAV6MGI7W2K7P113LU9N"',
152 silly registry.get     'x-served-by': 'cache-ams4122-AMS',
152 silly registry.get     'x-cache': 'MISS',
152 silly registry.get     'x-cache-hits': '0',
152 silly registry.get     'x-timer': 'S1401712070.296455,VS0,VE100',
152 silly registry.get     vary: 'Accept',
152 silly registry.get     'content-length': '0',
152 silly registry.get     'keep-alive': 'timeout=10, max=50',
152 silly registry.get     connection: 'Keep-Alive' } ]
153 verbose etag http-server from cache
154 http 304 https://registry.npmjs.org/karma-jasmine-html-reporter
155 silly registry.get cb [ 304,
155 silly registry.get   { date: 'Mon, 02 Jun 2014 12:27:50 GMT',
155 silly registry.get     server: 'Apache',
155 silly registry.get     via: '1.1 varnish',
155 silly registry.get     'last-modified': 'Mon, 02 Jun 2014 12:27:50 GMT',
155 silly registry.get     'cache-control': 'max-age=1',
155 silly registry.get     etag: '"ADQ5IJ1JSUFRKJUVGL35516P3"',
155 silly registry.get     'x-served-by': 'cache-ams4123-AMS',
155 silly registry.get     'x-cache': 'MISS',
155 silly registry.get     'x-cache-hits': '0',
155 silly registry.get     'x-timer': 'S1401712070.270477,VS0,VE154',
155 silly registry.get     vary: 'Accept',
155 silly registry.get     'content-length': '0',
155 silly registry.get     'keep-alive': 'timeout=10, max=50',
155 silly registry.get     connection: 'Keep-Alive' } ]
156 verbose etag karma-jasmine-html-reporter from cache
157 http 304 https://registry.npmjs.org/karma-junit-reporter
158 silly registry.get cb [ 304,
158 silly registry.get   { date: 'Mon, 02 Jun 2014 12:27:50 GMT',
158 silly registry.get     server: 'Apache',
158 silly registry.get     via: '1.1 varnish',
158 silly registry.get     'last-modified': 'Mon, 02 Jun 2014 12:27:50 GMT',
158 silly registry.get     'cache-control': 'max-age=1',
158 silly registry.get     etag: '"9EY5VDYOJN6XP5GJQB9O86CB"',
158 silly registry.get     'x-served-by': 'cache-ams4133-AMS',
158 silly registry.get     'x-cache': 'HIT',
158 silly registry.get     'x-cache-hits': '1',
158 silly registry.get     'x-timer': 'S1401712070.333605,VS0,VE94',
158 silly registry.get     vary: 'Accept',
158 silly registry.get     'content-length': '0',
158 silly registry.get     'keep-alive': 'timeout=10, max=49',
158 silly registry.get     connection: 'Keep-Alive' } ]
159 verbose etag karma-junit-reporter from cache
160 silly addNameRange number 2 { name: 'karma', range: '>=0.20.0-0 <0.21.0-0', hasData: true }
161 silly addNameRange versions [ 'karma',
161 silly addNameRange   [ '0.8.0',
161 silly addNameRange     '0.9.0-dart',
161 silly addNameRange     '0.8.1',
161 silly addNameRange     '0.8.2',
161 silly addNameRange     '0.8.3',
161 silly addNameRange     '0.9.0',
161 silly addNameRange     '0.8.4',
161 silly addNameRange     '0.9.1',
161 silly addNameRange     '0.8.5',
161 silly addNameRange     '0.9.2',
161 silly addNameRange     '0.9.2-dart',
161 silly addNameRange     '0.9.3',
161 silly addNameRange     '0.8.6',
161 silly addNameRange     '0.9.4',
161 silly addNameRange     '0.8.7',
161 silly addNameRange     '0.9.5',
161 silly addNameRange     '0.9.6',
161 silly addNameRange     '0.8.8',
161 silly addNameRange     '0.9.7',
161 silly addNameRange     '0.9.8',
161 silly addNameRange     '0.10.0',
161 silly addNameRange     '0.10.1',
161 silly addNameRange     '0.10.2',
161 silly addNameRange     '0.11.0',
161 silly addNameRange     '0.11.1',
161 silly addNameRange     '0.10.3',
161 silly addNameRange     '0.10.4',
161 silly addNameRange     '0.11.2',
161 silly addNameRange     '0.11.3',
161 silly addNameRange     '0.10.5',
161 silly addNameRange     '0.11.4',
161 silly addNameRange     '0.11.5',
161 silly addNameRange     '0.10.6',
161 silly addNameRange     '0.11.6',
161 silly addNameRange     '0.10.7',
161 silly addNameRange     '0.11.7',
161 silly addNameRange     '0.11.8',
161 silly addNameRange     '0.11.9',
161 silly addNameRange     '0.10.8',
161 silly addNameRange     '0.11.10',
161 silly addNameRange     '0.11.11',
161 silly addNameRange     '0.11.12',
161 silly addNameRange     '0.11.11-dev',
161 silly addNameRange     '0.10.9',
161 silly addNameRange     '0.11.12-dev',
161 silly addNameRange     '0.11.12-dev2',
161 silly addNameRange     '0.11.13',
161 silly addNameRange     '0.11.14',
161 silly addNameRange     '0.12.0',
161 silly addNameRange     '0.10.10',
161 silly addNameRange     '0.12.1',
161 silly addNameRange     '0.12.2',
161 silly addNameRange     '0.12.3',
161 silly addNameRange     '0.12.4',
161 silly addNameRange     '0.12.5',
161 silly addNameRange     '0.12.6',
161 silly addNameRange     '0.12.6-beta-43e6e28',
161 silly addNameRange     '0.12.7',
161 silly addNameRange     '0.12.8',
161 silly addNameRange     '0.12.9',
161 silly addNameRange     '0.12.10',
161 silly addNameRange     '0.12.11',
161 silly addNameRange     '0.12.12',
161 silly addNameRange     '0.12.11-beta-3029418',
161 silly addNameRange     '0.12.13',
161 silly addNameRange     '0.12.14',
161 silly addNameRange     '0.12.15',
161 silly addNameRange     '0.12.16' ] ]
162 silly lockFile f3e5d4ca-karma-0-20 karma@~0.20
163 silly lockFile f3e5d4ca-karma-0-20 karma@~0.20
164 error notarget No compatible version found: karma@'>=0.20.0-0 <0.21.0-0'
164 error notarget Valid install targets:
164 error notarget ["0.8.0","0.9.0-dart","0.8.1","0.8.2","0.8.3","0.9.0","0.8.4","0.9.1","0.8.5","0.9.2","0.9.2-dart","0.9.3","0.8.6","0.9.4","0.8.7","0.9.5","0.9.6","0.8.8","0.9.7","0.9.8","0.10.0","0.10.1","0.10.2","0.11.0","0.11.1","0.10.3","0.10.4","0.11.2","0.11.3","0.10.5","0.11.4","0.11.5","0.10.6","0.11.6","0.10.7","0.11.7","0.11.8","0.11.9","0.10.8","0.11.10","0.11.11","0.11.12","0.11.11-dev","0.10.9","0.11.12-dev","0.11.12-dev2","0.11.13","0.11.14","0.12.0","0.10.10","0.12.1","0.12.2","0.12.3","0.12.4","0.12.5","0.12.6","0.12.6-beta-43e6e28","0.12.7","0.12.8","0.12.9","0.12.10","0.12.11","0.12.12","0.12.11-beta-3029418","0.12.13","0.12.14","0.12.15","0.12.16"]
164 error notarget
164 error notarget This is most likely not a problem with npm itself.
164 error notarget In most cases you or one of your dependencies are requesting
164 error notarget a package version that doesn't exist.
165 error System Windows_NT 6.1.7601
166 error command "C:\\Program Files\\nodejs\\\\node.exe" "C:\\Program Files\\nodejs\\node_modules\\npm\\bin\\npm-cli.js" "install"
167 error cwd C:\wamp\www\amd\app\webroot\angular
168 error node -v v0.10.28
169 error npm -v 1.4.9
170 error code ETARGET
171 verbose exit [ 1, true ]
